<?xml version="1.0" encoding="UTF-8"?>
<!-- Generated by org.testng.reporters.JUnitXMLReporter -->
<testsuite hostname="LAPTOP-7TLA7S8J" ignored="0" name="Default test" tests="6" failures="0" timestamp="20 May 2018 17:57:53 GMT" time="157.048" errors="0">
  <testcase name="verifyContactsPageLabel" time="1.101" classname="com.crm.qa.testcases.ContactsPageTest"/>
  <testcase name="selectSingleContactsTest" time="1.233" classname="com.crm.qa.testcases.ContactsPageTest"/>
  <testcase name="selectMultipleContactsTest" time="1.524" classname="com.crm.qa.testcases.ContactsPageTest"/>
  <testcase name="validateCreateNewContact" time="3.024" classname="com.crm.qa.testcases.ContactsPageTest"/>
  <testcase name="validateCreateNewContact" time="2.114" classname="com.crm.qa.testcases.ContactsPageTest"/>
  <testcase name="validateCreateNewContact" time="2.03" classname="com.crm.qa.testcases.ContactsPageTest"/>
</testsuite> <!-- Default test -->
